<?xml version="1.0" encoding="UTF-8"?>
<testsuite name="com.example.rinha_backend.RinhaBackendApplicationTests" tests="1" skipped="0" failures="0" errors="0" timestamp="2024-11-07T15:52:19" hostname="BR0C02H90WL0KPF" time="0.833">
  <properties/>
  <testcase name="contextLoads()" classname="com.example.rinha_backend.RinhaBackendApplicationTests" time="0.833"/>
  <system-out><![CDATA[12:52:17.818 [Test worker] INFO org.springframework.test.context.support.AnnotationConfigContextLoaderUtils -- Could not detect default configuration classes for test class [com.example.rinha_backend.RinhaBackendApplicationTests]: RinhaBackendApplicationTests does not declare any static, non-private, non-final, nested classes annotated with @Configuration.
12:52:17.863 [Test worker] INFO org.springframework.boot.test.context.SpringBootTestContextBootstrapper -- Found @SpringBootConfiguration com.example.rinha_backend.RinhaBackendApplication for test class com.example.rinha_backend.RinhaBackendApplicationTests

  .   ____          _            __ _ _
 /\\ / ___'_ __ _ _(_)_ __  __ _ \ \ \ \
( ( )\___ | '_ | '_| | '_ \/ _` | \ \ \ \
 \\/  ___)| |_)| | | | | || (_| |  ) ) ) )
  '  |____| .__|_| |_|_| |_\__, | / / / /
 =========|_|==============|___/=/_/_/_/

 :: Spring Boot ::                (v3.3.5)

2024-11-07T12:52:18.076-03:00  INFO 23841 --- [rinha-backend] [    Test worker] c.e.r.RinhaBackendApplicationTests       : Starting RinhaBackendApplicationTests using Java 17.0.9 with PID 23841 (started by csabino in /Users/csabino/Documents/workspace/rinha-backend)
2024-11-07T12:52:18.078-03:00  INFO 23841 --- [rinha-backend] [    Test worker] c.e.r.RinhaBackendApplicationTests       : No active profile set, falling back to 1 default profile: "default"
2024-11-07T12:52:18.408-03:00  INFO 23841 --- [rinha-backend] [    Test worker] .s.d.r.c.RepositoryConfigurationDelegate : Bootstrapping Spring Data MongoDB repositories in DEFAULT mode.
2024-11-07T12:52:18.440-03:00  INFO 23841 --- [rinha-backend] [    Test worker] .s.d.r.c.RepositoryConfigurationDelegate : Finished Spring Data repository scanning in 30 ms. Found 2 MongoDB repository interfaces.
2024-11-07T12:52:18.574-03:00  WARN 23841 --- [rinha-backend] [    Test worker] trationDelegate$BeanPostProcessorChecker : Bean 'org.springframework.ws.config.annotation.DelegatingWsConfiguration' of type [org.springframework.ws.config.annotation.DelegatingWsConfiguration$$SpringCGLIB$$0] is not eligible for getting processed by all BeanPostProcessors (for example: not eligible for auto-proxying). The currently created BeanPostProcessor [annotationActionEndpointMapping] is declared through a non-static factory method on that class; consider declaring it as static instead.
2024-11-07T12:52:18.588-03:00  INFO 23841 --- [rinha-backend] [    Test worker] .w.s.a.s.AnnotationActionEndpointMapping : Supporting [WS-Addressing August 2004, WS-Addressing 1.0]
2024-11-07T12:52:18.721-03:00  INFO 23841 --- [rinha-backend] [    Test worker] org.mongodb.driver.client                : MongoClient with metadata {"driver": {"name": "mongo-java-driver|sync|spring-boot", "version": "5.0.1"}, "os": {"type": "Darwin", "name": "Mac OS X", "architecture": "aarch64", "version": "14.5"}, "platform": "Java/IBM Corporation/17.0.9+5"} created with settings MongoClientSettings{readPreference=primary, writeConcern=WriteConcern{w=null, wTimeout=null ms, journal=null}, retryWrites=true, retryReads=true, readConcern=ReadConcern{level=null}, credential=MongoCredential{mechanism=null, userName='root', source='admin', password=<hidden>, mechanismProperties=<hidden>}, transportSettings=null, commandListeners=[], codecRegistry=ProvidersCodecRegistry{codecProviders=[ValueCodecProvider{}, BsonValueCodecProvider{}, DBRefCodecProvider{}, DBObjectCodecProvider{}, DocumentCodecProvider{}, CollectionCodecProvider{}, IterableCodecProvider{}, MapCodecProvider{}, GeoJsonCodecProvider{}, GridFSFileCodecProvider{}, Jsr310CodecProvider{}, JsonObjectCodecProvider{}, BsonCodecProvider{}, EnumCodecProvider{}, com.mongodb.client.model.mql.ExpressionCodecProvider@f4ba0184, com.mongodb.Jep395RecordCodecProvider@711a16d9, com.mongodb.KotlinCodecProvider@c8beb699]}, loggerSettings=LoggerSettings{maxDocumentLength=1000}, clusterSettings={hosts=[localhost:27017], srvServiceName=mongodb, mode=SINGLE, requiredClusterType=UNKNOWN, requiredReplicaSetName='null', serverSelector='null', clusterListeners='[]', serverSelectionTimeout='30000 ms', localThreshold='15 ms'}, socketSettings=SocketSettings{connectTimeoutMS=10000, readTimeoutMS=0, receiveBufferSize=0, proxySettings=ProxySettings{host=null, port=null, username=null, password=null}}, heartbeatSocketSettings=SocketSettings{connectTimeoutMS=10000, readTimeoutMS=10000, receiveBufferSize=0, proxySettings=ProxySettings{host=null, port=null, username=null, password=null}}, connectionPoolSettings=ConnectionPoolSettings{maxSize=100, minSize=0, maxWaitTimeMS=120000, maxConnectionLifeTimeMS=0, maxConnectionIdleTimeMS=0, maintenanceInitialDelayMS=0, maintenanceFrequencyMS=60000, connectionPoolListeners=[], maxConnecting=2}, serverSettings=ServerSettings{heartbeatFrequencyMS=10000, minHeartbeatFrequencyMS=500, serverListeners='[]', serverMonitorListeners='[]'}, sslSettings=SslSettings{enabled=false, invalidHostNameAllowed=false, context=null}, applicationName='null', compressorList=[], uuidRepresentation=JAVA_LEGACY, serverApi=null, autoEncryptionSettings=null, dnsClient=null, inetAddressResolver=null, contextProvider=null}
2024-11-07T12:52:18.742-03:00  INFO 23841 --- [rinha-backend] [localhost:27017] org.mongodb.driver.cluster               : Monitor thread successfully connected to server with description ServerDescription{address=localhost:27017, type=STANDALONE, state=CONNECTED, ok=true, minWireVersion=0, maxWireVersion=25, maxDocumentSize=16777216, logicalSessionTimeoutMinutes=30, roundTripTimeNanos=19476125}
2024-11-07T12:52:19.127-03:00  INFO 23841 --- [rinha-backend] [    Test worker] c.e.r.RinhaBackendApplicationTests       : Started RinhaBackendApplicationTests in 1.191 seconds (process running for 1.719)
]]></system-out>
  <system-err><![CDATA[]]></system-err>
</testsuite>
